# JRE version: Java(TM) SE Runtime Environment (17.0.13+10) (build 17.0.13+10-LTS-268)
# Java VM: Java HotSpot(TM) 64-Bit Server VM (17.0.13+10-LTS-268, mixed mode, sharing, tiered, compressed oops, compressed class ptrs, g1 gc, windows-amd64)
GC Precious Log:
 CPUs: 8 total, 8 available
 Memory: 7868M
 Large Page Support: Disabled
 NUMA Support: Disabled
 Compressed Oops: Enabled (32-bit)
 Heap Region Size: 1M
 Heap Min Capacity: 8M
 Heap Initial Capacity: 124M
 Heap Max Capacity: 1968M
 Pre-touch: Disabled
 Parallel Workers: 8
 Concurrent Workers: 2
 Concurrent Refinement Workers: 8
 Periodic GC: Disabled
Heap:
 garbage-first heap   total 140288K, used 72927K [0x0000000085000000, 0x0000000100000000)
  region size 1024K, 23 young (23552K), 2 survivors (2048K)
 Metaspace       used 102912K, committed 103680K, reserved 1179648K
  class space    used 13463K, committed 13824K, reserved 1048576K
GC Heap History (20 events):
Event: 757.647 GC heap before
{Heap before GC invocations=136 (full 0):
 garbage-first heap   total 140288K, used 120332K [0x0000000085000000, 0x0000000100000000)
  region size 1024K, 68 young (69632K), 3 survivors (3072K)
 Metaspace       used 102660K, committed 103488K, reserved 1179648K
  class space    used 13435K, committed 13824K, reserved 1048576K
}
Event: 757.651 GC heap after
{Heap after GC invocations=137 (full 0):
 garbage-first heap   total 140288K, used 54704K [0x0000000085000000, 0x0000000100000000)
  region size 1024K, 3 young (3072K), 3 survivors (3072K)
 Metaspace       used 102660K, committed 103488K, reserved 1179648K
  class space    used 13435K, committed 13824K, reserved 1048576K
}
Event: 759.673 GC heap before
{Heap before GC invocations=137 (full 0):
 garbage-first heap   total 140288K, used 120240K [0x0000000085000000, 0x0000000100000000)
  region size 1024K, 68 young (69632K), 3 survivors (3072K)
 Metaspace       used 102660K, committed 103488K, reserved 1179648K
  class space    used 13435K, committed 13824K, reserved 1048576K
}
Event: 759.686 GC heap after
{Heap after GC invocations=138 (full 0):
 garbage-first heap   total 140288K, used 54703K [0x0000000085000000, 0x0000000100000000)
  region size 1024K, 3 young (3072K), 3 survivors (3072K)
 Metaspace       used 102660K, committed 103488K, reserved 1179648K
  class space    used 13435K, committed 13824K, reserved 1048576K
}
Event: 763.574 GC heap before
{Heap before GC invocations=138 (full 0):
 garbage-first heap   total 140288K, used 121263K [0x0000000085000000, 0x0000000100000000)
  region size 1024K, 68 young (69632K), 3 survivors (3072K)
 Metaspace       used 102666K, committed 103488K, reserved 1179648K
  class space    used 13435K, committed 13824K, reserved 1048576K
}
Event: 763.579 GC heap after
{Heap after GC invocations=139 (full 0):
 garbage-first heap   total 140288K, used 54448K [0x0000000085000000, 0x0000000100000000)
  region size 1024K, 3 young (3072K), 3 survivors (3072K)
 Metaspace       used 102666K, committed 103488K, reserved 1179648K
  class space    used 13435K, committed 13824K, reserved 1048576K
}
Event: 767.233 GC heap before
{Heap before GC invocations=139 (full 0):
 garbage-first heap   total 140288K, used 121008K [0x0000000085000000, 0x0000000100000000)
  region size 1024K, 68 young (69632K), 3 survivors (3072K)
 Metaspace       used 102677K, committed 103488K, reserved 1179648K
  class space    used 13435K, committed 13824K, reserved 1048576K
}
Event: 767.237 GC heap after
{Heap after GC invocations=140 (full 0):
 garbage-first heap   total 140288K, used 54174K [0x0000000085000000, 0x0000000100000000)
  region size 1024K, 2 young (2048K), 2 survivors (2048K)
 Metaspace       used 102677K, committed 103488K, reserved 1179648K
  class space    used 13435K, committed 13824K, reserved 1048576K
}
Event: 769.520 GC heap before
{Heap before GC invocations=140 (full 0):
 garbage-first heap   total 140288K, used 121758K [0x0000000085000000, 0x0000000100000000)
  region size 1024K, 69 young (70656K), 2 survivors (2048K)
 Metaspace       used 102680K, committed 103488K, reserved 1179648K
  class space    used 13435K, committed 13824K, reserved 1048576K
}
Event: 769.524 GC heap after
{Heap after GC invocations=141 (full 0):
 garbage-first heap   total 140288K, used 54056K [0x0000000085000000, 0x0000000100000000)
  region size 1024K, 2 young (2048K), 2 survivors (2048K)
 Metaspace       used 102680K, committed 103488K, reserved 1179648K
  class space    used 13435K, committed 13824K, reserved 1048576K
}
Event: 772.433 GC heap before
{Heap before GC invocations=141 (full 0):
 garbage-first heap   total 140288K, used 121640K [0x0000000085000000, 0x0000000100000000)
  region size 1024K, 69 young (70656K), 2 survivors (2048K)
 Metaspace       used 102710K, committed 103488K, reserved 1179648K
  class space    used 13436K, committed 13824K, reserved 1048576K
}
Event: 772.439 GC heap after
{Heap after GC invocations=142 (full 0):
 garbage-first heap   total 140288K, used 53929K [0x0000000085000000, 0x0000000100000000)
  region size 1024K, 2 young (2048K), 2 survivors (2048K)
 Metaspace       used 102710K, committed 103488K, reserved 1179648K
  class space    used 13436K, committed 13824K, reserved 1048576K
}
Event: 774.014 GC heap before
{Heap before GC invocations=142 (full 0):
 garbage-first heap   total 140288K, used 121513K [0x0000000085000000, 0x0000000100000000)
  region size 1024K, 69 young (70656K), 2 survivors (2048K)
 Metaspace       used 102853K, committed 103616K, reserved 1179648K
  class space    used 13458K, committed 13824K, reserved 1048576K
}
Event: 774.020 GC heap after
{Heap after GC invocations=143 (full 0):
 garbage-first heap   total 140288K, used 53947K [0x0000000085000000, 0x0000000100000000)
  region size 1024K, 2 young (2048K), 2 survivors (2048K)
 Metaspace       used 102853K, committed 103616K, reserved 1179648K
  class space    used 13458K, committed 13824K, reserved 1048576K
}
Event: 775.655 GC heap before
{Heap before GC invocations=143 (full 0):
 garbage-first heap   total 140288K, used 121531K [0x0000000085000000, 0x0000000100000000)
  region size 1024K, 69 young (70656K), 2 survivors (2048K)
 Metaspace       used 102896K, committed 103680K, reserved 1179648K
  class space    used 13463K, committed 13824K, reserved 1048576K
}
Event: 775.659 GC heap after
{Heap after GC invocations=144 (full 0):
 garbage-first heap   total 140288K, used 53750K [0x0000000085000000, 0x0000000100000000)
  region size 1024K, 2 young (2048K), 2 survivors (2048K)
 Metaspace       used 102896K, committed 103680K, reserved 1179648K
  class space    used 13463K, committed 13824K, reserved 1048576K
}
Event: 796.388 GC heap before
{Heap before GC invocations=144 (full 0):
 garbage-first heap   total 140288K, used 121334K [0x0000000085000000, 0x0000000100000000)
  region size 1024K, 69 young (70656K), 2 survivors (2048K)
 Metaspace       used 102908K, committed 103680K, reserved 1179648K
  class space    used 13463K, committed 13824K, reserved 1048576K
}
Event: 796.664 GC heap after
{Heap after GC invocations=145 (full 0):
 garbage-first heap   total 140288K, used 53531K [0x0000000085000000, 0x0000000100000000)
  region size 1024K, 2 young (2048K), 2 survivors (2048K)
 Metaspace       used 102908K, committed 103680K, reserved 1179648K
  class space    used 13463K, committed 13824K, reserved 1048576K
}
Event: 799.994 GC heap before
{Heap before GC invocations=145 (full 0):
 garbage-first heap   total 140288K, used 121115K [0x0000000085000000, 0x0000000100000000)
  region size 1024K, 69 young (70656K), 2 survivors (2048K)
 Metaspace       used 102909K, committed 103680K, reserved 1179648K
  class space    used 13463K, committed 13824K, reserved 1048576K
}
Event: 800.000 GC heap after
{Heap after GC invocations=146 (full 0):
 garbage-first heap   total 140288K, used 53471K [0x0000000085000000, 0x0000000100000000)
  region size 1024K, 2 young (2048K), 2 survivors (2048K)
 Metaspace       used 102909K, committed 103680K, reserved 1179648K
  class space    used 13463K, committed 13824K, reserved 1048576K
}

